  Alfil.cpp
C:\Users\Alvaro\source\repos\Ajedrez.Inc\src\Alfil.cpp(23,80): warning C4305: 'argumento': truncamiento de 'double' a 'GLfloat'
C:\Users\Alvaro\source\repos\Ajedrez.Inc\src\Alfil.cpp(23,66): warning C4244: 'argumento': conversión de 'double' a 'GLfloat'; posible pérdida de datos
C:\Users\Alvaro\source\repos\Ajedrez.Inc\src\Alfil.cpp(23,45): warning C4244: 'argumento': conversión de 'double' a 'GLfloat'; posible pérdida de datos
C:\Users\Alvaro\source\repos\Ajedrez.Inc\src\Alfil.cpp(24,80): warning C4305: 'argumento': truncamiento de 'double' a 'GLfloat'
C:\Users\Alvaro\source\repos\Ajedrez.Inc\src\Alfil.cpp(24,66): warning C4244: 'argumento': conversión de 'double' a 'GLfloat'; posible pérdida de datos
C:\Users\Alvaro\source\repos\Ajedrez.Inc\src\Alfil.cpp(24,45): warning C4244: 'argumento': conversión de 'double' a 'GLfloat'; posible pérdida de datos
C:\Users\Alvaro\source\repos\Ajedrez.Inc\src\Alfil.cpp(25,80): warning C4305: 'argumento': truncamiento de 'double' a 'GLfloat'
C:\Users\Alvaro\source\repos\Ajedrez.Inc\src\Alfil.cpp(25,66): warning C4244: 'argumento': conversión de 'double' a 'GLfloat'; posible pérdida de datos
C:\Users\Alvaro\source\repos\Ajedrez.Inc\src\Alfil.cpp(25,45): warning C4244: 'argumento': conversión de 'double' a 'GLfloat'; posible pérdida de datos
C:\Users\Alvaro\source\repos\Ajedrez.Inc\src\Alfil.cpp(26,80): warning C4305: 'argumento': truncamiento de 'double' a 'GLfloat'
C:\Users\Alvaro\source\repos\Ajedrez.Inc\src\Alfil.cpp(26,66): warning C4244: 'argumento': conversión de 'double' a 'GLfloat'; posible pérdida de datos
C:\Users\Alvaro\source\repos\Ajedrez.Inc\src\Alfil.cpp(26,45): warning C4244: 'argumento': conversión de 'double' a 'GLfloat'; posible pérdida de datos
C:\Users\Alvaro\source\repos\Ajedrez.Inc\src\Alfil.cpp(40,80): warning C4305: 'argumento': truncamiento de 'double' a 'GLfloat'
C:\Users\Alvaro\source\repos\Ajedrez.Inc\src\Alfil.cpp(40,66): warning C4244: 'argumento': conversión de 'double' a 'GLfloat'; posible pérdida de datos
C:\Users\Alvaro\source\repos\Ajedrez.Inc\src\Alfil.cpp(40,45): warning C4244: 'argumento': conversión de 'double' a 'GLfloat'; posible pérdida de datos
C:\Users\Alvaro\source\repos\Ajedrez.Inc\src\Alfil.cpp(41,80): warning C4305: 'argumento': truncamiento de 'double' a 'GLfloat'
C:\Users\Alvaro\source\repos\Ajedrez.Inc\src\Alfil.cpp(41,66): warning C4244: 'argumento': conversión de 'double' a 'GLfloat'; posible pérdida de datos
C:\Users\Alvaro\source\repos\Ajedrez.Inc\src\Alfil.cpp(41,45): warning C4244: 'argumento': conversión de 'double' a 'GLfloat'; posible pérdida de datos
C:\Users\Alvaro\source\repos\Ajedrez.Inc\src\Alfil.cpp(42,80): warning C4305: 'argumento': truncamiento de 'double' a 'GLfloat'
C:\Users\Alvaro\source\repos\Ajedrez.Inc\src\Alfil.cpp(42,66): warning C4244: 'argumento': conversión de 'double' a 'GLfloat'; posible pérdida de datos
C:\Users\Alvaro\source\repos\Ajedrez.Inc\src\Alfil.cpp(42,45): warning C4244: 'argumento': conversión de 'double' a 'GLfloat'; posible pérdida de datos
C:\Users\Alvaro\source\repos\Ajedrez.Inc\src\Alfil.cpp(43,80): warning C4305: 'argumento': truncamiento de 'double' a 'GLfloat'
C:\Users\Alvaro\source\repos\Ajedrez.Inc\src\Alfil.cpp(43,66): warning C4244: 'argumento': conversión de 'double' a 'GLfloat'; posible pérdida de datos
C:\Users\Alvaro\source\repos\Ajedrez.Inc\src\Alfil.cpp(43,45): warning C4244: 'argumento': conversión de 'double' a 'GLfloat'; posible pérdida de datos
  Caballo.cpp
C:\Users\Alvaro\source\repos\Ajedrez.Inc\src\Caballo.cpp(23,80): warning C4305: 'argumento': truncamiento de 'double' a 'GLfloat'
C:\Users\Alvaro\source\repos\Ajedrez.Inc\src\Caballo.cpp(23,66): warning C4244: 'argumento': conversión de 'double' a 'GLfloat'; posible pérdida de datos
C:\Users\Alvaro\source\repos\Ajedrez.Inc\src\Caballo.cpp(23,45): warning C4244: 'argumento': conversión de 'double' a 'GLfloat'; posible pérdida de datos
C:\Users\Alvaro\source\repos\Ajedrez.Inc\src\Caballo.cpp(24,80): warning C4305: 'argumento': truncamiento de 'double' a 'GLfloat'
C:\Users\Alvaro\source\repos\Ajedrez.Inc\src\Caballo.cpp(24,66): warning C4244: 'argumento': conversión de 'double' a 'GLfloat'; posible pérdida de datos
C:\Users\Alvaro\source\repos\Ajedrez.Inc\src\Caballo.cpp(24,45): warning C4244: 'argumento': conversión de 'double' a 'GLfloat'; posible pérdida de datos
C:\Users\Alvaro\source\repos\Ajedrez.Inc\src\Caballo.cpp(25,80): warning C4305: 'argumento': truncamiento de 'double' a 'GLfloat'
C:\Users\Alvaro\source\repos\Ajedrez.Inc\src\Caballo.cpp(25,66): warning C4244: 'argumento': conversión de 'double' a 'GLfloat'; posible pérdida de datos
C:\Users\Alvaro\source\repos\Ajedrez.Inc\src\Caballo.cpp(25,45): warning C4244: 'argumento': conversión de 'double' a 'GLfloat'; posible pérdida de datos
C:\Users\Alvaro\source\repos\Ajedrez.Inc\src\Caballo.cpp(26,80): warning C4305: 'argumento': truncamiento de 'double' a 'GLfloat'
C:\Users\Alvaro\source\repos\Ajedrez.Inc\src\Caballo.cpp(26,66): warning C4244: 'argumento': conversión de 'double' a 'GLfloat'; posible pérdida de datos
C:\Users\Alvaro\source\repos\Ajedrez.Inc\src\Caballo.cpp(26,45): warning C4244: 'argumento': conversión de 'double' a 'GLfloat'; posible pérdida de datos
C:\Users\Alvaro\source\repos\Ajedrez.Inc\src\Caballo.cpp(40,80): warning C4305: 'argumento': truncamiento de 'double' a 'GLfloat'
C:\Users\Alvaro\source\repos\Ajedrez.Inc\src\Caballo.cpp(40,66): warning C4244: 'argumento': conversión de 'double' a 'GLfloat'; posible pérdida de datos
C:\Users\Alvaro\source\repos\Ajedrez.Inc\src\Caballo.cpp(40,45): warning C4244: 'argumento': conversión de 'double' a 'GLfloat'; posible pérdida de datos
C:\Users\Alvaro\source\repos\Ajedrez.Inc\src\Caballo.cpp(41,80): warning C4305: 'argumento': truncamiento de 'double' a 'GLfloat'
C:\Users\Alvaro\source\repos\Ajedrez.Inc\src\Caballo.cpp(41,66): warning C4244: 'argumento': conversión de 'double' a 'GLfloat'; posible pérdida de datos
C:\Users\Alvaro\source\repos\Ajedrez.Inc\src\Caballo.cpp(41,45): warning C4244: 'argumento': conversión de 'double' a 'GLfloat'; posible pérdida de datos
C:\Users\Alvaro\source\repos\Ajedrez.Inc\src\Caballo.cpp(42,80): warning C4305: 'argumento': truncamiento de 'double' a 'GLfloat'
C:\Users\Alvaro\source\repos\Ajedrez.Inc\src\Caballo.cpp(42,66): warning C4244: 'argumento': conversión de 'double' a 'GLfloat'; posible pérdida de datos
C:\Users\Alvaro\source\repos\Ajedrez.Inc\src\Caballo.cpp(42,45): warning C4244: 'argumento': conversión de 'double' a 'GLfloat'; posible pérdida de datos
C:\Users\Alvaro\source\repos\Ajedrez.Inc\src\Caballo.cpp(43,80): warning C4305: 'argumento': truncamiento de 'double' a 'GLfloat'
C:\Users\Alvaro\source\repos\Ajedrez.Inc\src\Caballo.cpp(43,66): warning C4244: 'argumento': conversión de 'double' a 'GLfloat'; posible pérdida de datos
C:\Users\Alvaro\source\repos\Ajedrez.Inc\src\Caballo.cpp(43,45): warning C4244: 'argumento': conversión de 'double' a 'GLfloat'; posible pérdida de datos
  Casilla.cpp
C:\Users\Alvaro\source\repos\Ajedrez.Inc\src\Casilla.cpp(15,35): warning C4244: 'argumento': conversión de 'double' a 'GLfloat'; posible pérdida de datos
C:\Users\Alvaro\source\repos\Ajedrez.Inc\src\Casilla.cpp(15,19): warning C4244: 'argumento': conversión de 'double' a 'GLfloat'; posible pérdida de datos
C:\Users\Alvaro\source\repos\Ajedrez.Inc\src\Casilla.cpp(16,35): warning C4244: 'argumento': conversión de 'double' a 'GLfloat'; posible pérdida de datos
C:\Users\Alvaro\source\repos\Ajedrez.Inc\src\Casilla.cpp(16,19): warning C4244: 'argumento': conversión de 'double' a 'GLfloat'; posible pérdida de datos
C:\Users\Alvaro\source\repos\Ajedrez.Inc\src\Casilla.cpp(17,35): warning C4244: 'argumento': conversión de 'double' a 'GLfloat'; posible pérdida de datos
C:\Users\Alvaro\source\repos\Ajedrez.Inc\src\Casilla.cpp(17,19): warning C4244: 'argumento': conversión de 'double' a 'GLfloat'; posible pérdida de datos
C:\Users\Alvaro\source\repos\Ajedrez.Inc\src\Casilla.cpp(18,35): warning C4244: 'argumento': conversión de 'double' a 'GLfloat'; posible pérdida de datos
C:\Users\Alvaro\source\repos\Ajedrez.Inc\src\Casilla.cpp(18,19): warning C4244: 'argumento': conversión de 'double' a 'GLfloat'; posible pérdida de datos
  Cristobal.cpp
C:\Users\Alvaro\source\repos\Ajedrez.Inc\src\Cristobal.cpp(23,80): warning C4305: 'argumento': truncamiento de 'double' a 'GLfloat'
C:\Users\Alvaro\source\repos\Ajedrez.Inc\src\Cristobal.cpp(23,66): warning C4244: 'argumento': conversión de 'double' a 'GLfloat'; posible pérdida de datos
C:\Users\Alvaro\source\repos\Ajedrez.Inc\src\Cristobal.cpp(23,45): warning C4244: 'argumento': conversión de 'double' a 'GLfloat'; posible pérdida de datos
C:\Users\Alvaro\source\repos\Ajedrez.Inc\src\Cristobal.cpp(24,80): warning C4305: 'argumento': truncamiento de 'double' a 'GLfloat'
C:\Users\Alvaro\source\repos\Ajedrez.Inc\src\Cristobal.cpp(24,66): warning C4244: 'argumento': conversión de 'double' a 'GLfloat'; posible pérdida de datos
C:\Users\Alvaro\source\repos\Ajedrez.Inc\src\Cristobal.cpp(24,45): warning C4244: 'argumento': conversión de 'double' a 'GLfloat'; posible pérdida de datos
C:\Users\Alvaro\source\repos\Ajedrez.Inc\src\Cristobal.cpp(25,80): warning C4305: 'argumento': truncamiento de 'double' a 'GLfloat'
C:\Users\Alvaro\source\repos\Ajedrez.Inc\src\Cristobal.cpp(25,66): warning C4244: 'argumento': conversión de 'double' a 'GLfloat'; posible pérdida de datos
C:\Users\Alvaro\source\repos\Ajedrez.Inc\src\Cristobal.cpp(25,45): warning C4244: 'argumento': conversión de 'double' a 'GLfloat'; posible pérdida de datos
C:\Users\Alvaro\source\repos\Ajedrez.Inc\src\Cristobal.cpp(26,80): warning C4305: 'argumento': truncamiento de 'double' a 'GLfloat'
C:\Users\Alvaro\source\repos\Ajedrez.Inc\src\Cristobal.cpp(26,66): warning C4244: 'argumento': conversión de 'double' a 'GLfloat'; posible pérdida de datos
C:\Users\Alvaro\source\repos\Ajedrez.Inc\src\Cristobal.cpp(26,45): warning C4244: 'argumento': conversión de 'double' a 'GLfloat'; posible pérdida de datos
C:\Users\Alvaro\source\repos\Ajedrez.Inc\src\Cristobal.cpp(40,80): warning C4305: 'argumento': truncamiento de 'double' a 'GLfloat'
C:\Users\Alvaro\source\repos\Ajedrez.Inc\src\Cristobal.cpp(40,66): warning C4244: 'argumento': conversión de 'double' a 'GLfloat'; posible pérdida de datos
C:\Users\Alvaro\source\repos\Ajedrez.Inc\src\Cristobal.cpp(40,45): warning C4244: 'argumento': conversión de 'double' a 'GLfloat'; posible pérdida de datos
C:\Users\Alvaro\source\repos\Ajedrez.Inc\src\Cristobal.cpp(41,80): warning C4305: 'argumento': truncamiento de 'double' a 'GLfloat'
C:\Users\Alvaro\source\repos\Ajedrez.Inc\src\Cristobal.cpp(41,66): warning C4244: 'argumento': conversión de 'double' a 'GLfloat'; posible pérdida de datos
C:\Users\Alvaro\source\repos\Ajedrez.Inc\src\Cristobal.cpp(41,45): warning C4244: 'argumento': conversión de 'double' a 'GLfloat'; posible pérdida de datos
C:\Users\Alvaro\source\repos\Ajedrez.Inc\src\Cristobal.cpp(42,80): warning C4305: 'argumento': truncamiento de 'double' a 'GLfloat'
C:\Users\Alvaro\source\repos\Ajedrez.Inc\src\Cristobal.cpp(42,66): warning C4244: 'argumento': conversión de 'double' a 'GLfloat'; posible pérdida de datos
C:\Users\Alvaro\source\repos\Ajedrez.Inc\src\Cristobal.cpp(42,45): warning C4244: 'argumento': conversión de 'double' a 'GLfloat'; posible pérdida de datos
C:\Users\Alvaro\source\repos\Ajedrez.Inc\src\Cristobal.cpp(43,80): warning C4305: 'argumento': truncamiento de 'double' a 'GLfloat'
C:\Users\Alvaro\source\repos\Ajedrez.Inc\src\Cristobal.cpp(43,66): warning C4244: 'argumento': conversión de 'double' a 'GLfloat'; posible pérdida de datos
C:\Users\Alvaro\source\repos\Ajedrez.Inc\src\Cristobal.cpp(43,45): warning C4244: 'argumento': conversión de 'double' a 'GLfloat'; posible pérdida de datos
C:\Users\Alvaro\source\repos\Ajedrez.Inc\src\Cristobal.cpp(90,13): warning C4305: 'return': truncamiento de 'int' a 'char'
C:\Users\Alvaro\source\repos\Ajedrez.Inc\src\Cristobal.cpp(90,9): warning C4309: 'return': truncamiento de valor constante
  Miguel.cpp
C:\Users\Alvaro\source\repos\Ajedrez.Inc\src\Miguel.cpp(23,80): warning C4305: 'argumento': truncamiento de 'double' a 'GLfloat'
C:\Users\Alvaro\source\repos\Ajedrez.Inc\src\Miguel.cpp(23,66): warning C4244: 'argumento': conversión de 'double' a 'GLfloat'; posible pérdida de datos
C:\Users\Alvaro\source\repos\Ajedrez.Inc\src\Miguel.cpp(23,45): warning C4244: 'argumento': conversión de 'double' a 'GLfloat'; posible pérdida de datos
C:\Users\Alvaro\source\repos\Ajedrez.Inc\src\Miguel.cpp(24,80): warning C4305: 'argumento': truncamiento de 'double' a 'GLfloat'
C:\Users\Alvaro\source\repos\Ajedrez.Inc\src\Miguel.cpp(24,66): warning C4244: 'argumento': conversión de 'double' a 'GLfloat'; posible pérdida de datos
C:\Users\Alvaro\source\repos\Ajedrez.Inc\src\Miguel.cpp(24,45): warning C4244: 'argumento': conversión de 'double' a 'GLfloat'; posible pérdida de datos
C:\Users\Alvaro\source\repos\Ajedrez.Inc\src\Miguel.cpp(25,80): warning C4305: 'argumento': truncamiento de 'double' a 'GLfloat'
C:\Users\Alvaro\source\repos\Ajedrez.Inc\src\Miguel.cpp(25,66): warning C4244: 'argumento': conversión de 'double' a 'GLfloat'; posible pérdida de datos
C:\Users\Alvaro\source\repos\Ajedrez.Inc\src\Miguel.cpp(25,45): warning C4244: 'argumento': conversión de 'double' a 'GLfloat'; posible pérdida de datos
C:\Users\Alvaro\source\repos\Ajedrez.Inc\src\Miguel.cpp(26,80): warning C4305: 'argumento': truncamiento de 'double' a 'GLfloat'
C:\Users\Alvaro\source\repos\Ajedrez.Inc\src\Miguel.cpp(26,66): warning C4244: 'argumento': conversión de 'double' a 'GLfloat'; posible pérdida de datos
C:\Users\Alvaro\source\repos\Ajedrez.Inc\src\Miguel.cpp(26,45): warning C4244: 'argumento': conversión de 'double' a 'GLfloat'; posible pérdida de datos
C:\Users\Alvaro\source\repos\Ajedrez.Inc\src\Miguel.cpp(40,80): warning C4305: 'argumento': truncamiento de 'double' a 'GLfloat'
C:\Users\Alvaro\source\repos\Ajedrez.Inc\src\Miguel.cpp(40,66): warning C4244: 'argumento': conversión de 'double' a 'GLfloat'; posible pérdida de datos
C:\Users\Alvaro\source\repos\Ajedrez.Inc\src\Miguel.cpp(40,45): warning C4244: 'argumento': conversión de 'double' a 'GLfloat'; posible pérdida de datos
C:\Users\Alvaro\source\repos\Ajedrez.Inc\src\Miguel.cpp(41,80): warning C4305: 'argumento': truncamiento de 'double' a 'GLfloat'
C:\Users\Alvaro\source\repos\Ajedrez.Inc\src\Miguel.cpp(41,66): warning C4244: 'argumento': conversión de 'double' a 'GLfloat'; posible pérdida de datos
C:\Users\Alvaro\source\repos\Ajedrez.Inc\src\Miguel.cpp(41,45): warning C4244: 'argumento': conversión de 'double' a 'GLfloat'; posible pérdida de datos
C:\Users\Alvaro\source\repos\Ajedrez.Inc\src\Miguel.cpp(42,80): warning C4305: 'argumento': truncamiento de 'double' a 'GLfloat'
C:\Users\Alvaro\source\repos\Ajedrez.Inc\src\Miguel.cpp(42,66): warning C4244: 'argumento': conversión de 'double' a 'GLfloat'; posible pérdida de datos
C:\Users\Alvaro\source\repos\Ajedrez.Inc\src\Miguel.cpp(42,45): warning C4244: 'argumento': conversión de 'double' a 'GLfloat'; posible pérdida de datos
C:\Users\Alvaro\source\repos\Ajedrez.Inc\src\Miguel.cpp(43,80): warning C4305: 'argumento': truncamiento de 'double' a 'GLfloat'
C:\Users\Alvaro\source\repos\Ajedrez.Inc\src\Miguel.cpp(43,66): warning C4244: 'argumento': conversión de 'double' a 'GLfloat'; posible pérdida de datos
C:\Users\Alvaro\source\repos\Ajedrez.Inc\src\Miguel.cpp(43,45): warning C4244: 'argumento': conversión de 'double' a 'GLfloat'; posible pérdida de datos
C:\Users\Alvaro\source\repos\Ajedrez.Inc\src\Miguel.cpp(64,13): warning C4305: 'return': truncamiento de 'int' a 'char'
C:\Users\Alvaro\source\repos\Ajedrez.Inc\src\Miguel.cpp(64,9): warning C4309: 'return': truncamiento de valor constante
  Mundo.cpp
C:\Users\Alvaro\source\repos\Ajedrez.Inc\src\Mundo.cpp(84,49): warning C4305: 'argumento': truncamiento de 'double' a 'GLfloat'
C:\Users\Alvaro\source\repos\Ajedrez.Inc\src\Mundo.cpp(85,48): warning C4305: 'argumento': truncamiento de 'double' a 'GLfloat'
C:\Users\Alvaro\source\repos\Ajedrez.Inc\src\Mundo.cpp(86,46): warning C4305: 'argumento': truncamiento de 'double' a 'GLfloat'
C:\Users\Alvaro\source\repos\Ajedrez.Inc\src\Mundo.cpp(87,47): warning C4305: 'argumento': truncamiento de 'double' a 'GLfloat'
C:\Users\Alvaro\source\repos\Ajedrez.Inc\src\Mundo.cpp(118,49): warning C4305: 'argumento': truncamiento de 'double' a 'GLfloat'
C:\Users\Alvaro\source\repos\Ajedrez.Inc\src\Mundo.cpp(119,48): warning C4305: 'argumento': truncamiento de 'double' a 'GLfloat'
C:\Users\Alvaro\source\repos\Ajedrez.Inc\src\Mundo.cpp(120,46): warning C4305: 'argumento': truncamiento de 'double' a 'GLfloat'
C:\Users\Alvaro\source\repos\Ajedrez.Inc\src\Mundo.cpp(121,47): warning C4305: 'argumento': truncamiento de 'double' a 'GLfloat'
C:\Users\Alvaro\source\repos\Ajedrez.Inc\src\Mundo.cpp(164,49): warning C4305: 'argumento': truncamiento de 'double' a 'GLfloat'
C:\Users\Alvaro\source\repos\Ajedrez.Inc\src\Mundo.cpp(165,48): warning C4305: 'argumento': truncamiento de 'double' a 'GLfloat'
C:\Users\Alvaro\source\repos\Ajedrez.Inc\src\Mundo.cpp(166,46): warning C4305: 'argumento': truncamiento de 'double' a 'GLfloat'
C:\Users\Alvaro\source\repos\Ajedrez.Inc\src\Mundo.cpp(167,47): warning C4305: 'argumento': truncamiento de 'double' a 'GLfloat'
C:\Users\Alvaro\source\repos\Ajedrez.Inc\src\Mundo.cpp(186,49): warning C4305: 'argumento': truncamiento de 'double' a 'GLfloat'
C:\Users\Alvaro\source\repos\Ajedrez.Inc\src\Mundo.cpp(187,48): warning C4305: 'argumento': truncamiento de 'double' a 'GLfloat'
C:\Users\Alvaro\source\repos\Ajedrez.Inc\src\Mundo.cpp(188,46): warning C4305: 'argumento': truncamiento de 'double' a 'GLfloat'
C:\Users\Alvaro\source\repos\Ajedrez.Inc\src\Mundo.cpp(189,47): warning C4305: 'argumento': truncamiento de 'double' a 'GLfloat'
C:\Users\Alvaro\source\repos\Ajedrez.Inc\src\Mundo.cpp(209,49): warning C4305: 'argumento': truncamiento de 'double' a 'GLfloat'
C:\Users\Alvaro\source\repos\Ajedrez.Inc\src\Mundo.cpp(210,48): warning C4305: 'argumento': truncamiento de 'double' a 'GLfloat'
C:\Users\Alvaro\source\repos\Ajedrez.Inc\src\Mundo.cpp(211,46): warning C4305: 'argumento': truncamiento de 'double' a 'GLfloat'
C:\Users\Alvaro\source\repos\Ajedrez.Inc\src\Mundo.cpp(212,47): warning C4305: 'argumento': truncamiento de 'double' a 'GLfloat'
C:\Users\Alvaro\source\repos\Ajedrez.Inc\src\Mundo.cpp(231,49): warning C4305: 'argumento': truncamiento de 'double' a 'GLfloat'
C:\Users\Alvaro\source\repos\Ajedrez.Inc\src\Mundo.cpp(232,48): warning C4305: 'argumento': truncamiento de 'double' a 'GLfloat'
C:\Users\Alvaro\source\repos\Ajedrez.Inc\src\Mundo.cpp(233,46): warning C4305: 'argumento': truncamiento de 'double' a 'GLfloat'
C:\Users\Alvaro\source\repos\Ajedrez.Inc\src\Mundo.cpp(234,47): warning C4305: 'argumento': truncamiento de 'double' a 'GLfloat'
C:\Users\Alvaro\source\repos\Ajedrez.Inc\src\Mundo.cpp(254,48): warning C4305: 'argumento': truncamiento de 'double' a 'GLfloat'
C:\Users\Alvaro\source\repos\Ajedrez.Inc\src\Mundo.cpp(255,47): warning C4305: 'argumento': truncamiento de 'double' a 'GLfloat'
C:\Users\Alvaro\source\repos\Ajedrez.Inc\src\Mundo.cpp(256,45): warning C4305: 'argumento': truncamiento de 'double' a 'GLfloat'
C:\Users\Alvaro\source\repos\Ajedrez.Inc\src\Mundo.cpp(257,46): warning C4305: 'argumento': truncamiento de 'double' a 'GLfloat'
C:\Users\Alvaro\source\repos\Ajedrez.Inc\src\Mundo.cpp(277,48): warning C4305: 'argumento': truncamiento de 'double' a 'GLfloat'
C:\Users\Alvaro\source\repos\Ajedrez.Inc\src\Mundo.cpp(278,47): warning C4305: 'argumento': truncamiento de 'double' a 'GLfloat'
C:\Users\Alvaro\source\repos\Ajedrez.Inc\src\Mundo.cpp(279,45): warning C4305: 'argumento': truncamiento de 'double' a 'GLfloat'
C:\Users\Alvaro\source\repos\Ajedrez.Inc\src\Mundo.cpp(280,46): warning C4305: 'argumento': truncamiento de 'double' a 'GLfloat'
  Ajedrez.cpp
  Pablo.cpp
C:\Users\Alvaro\source\repos\Ajedrez.Inc\src\Pablo.cpp(23,80): warning C4305: 'argumento': truncamiento de 'double' a 'GLfloat'
C:\Users\Alvaro\source\repos\Ajedrez.Inc\src\Pablo.cpp(23,66): warning C4244: 'argumento': conversión de 'double' a 'GLfloat'; posible pérdida de datos
C:\Users\Alvaro\source\repos\Ajedrez.Inc\src\Pablo.cpp(23,45): warning C4244: 'argumento': conversión de 'double' a 'GLfloat'; posible pérdida de datos
C:\Users\Alvaro\source\repos\Ajedrez.Inc\src\Pablo.cpp(24,80): warning C4305: 'argumento': truncamiento de 'double' a 'GLfloat'
C:\Users\Alvaro\source\repos\Ajedrez.Inc\src\Pablo.cpp(24,66): warning C4244: 'argumento': conversión de 'double' a 'GLfloat'; posible pérdida de datos
C:\Users\Alvaro\source\repos\Ajedrez.Inc\src\Pablo.cpp(24,45): warning C4244: 'argumento': conversión de 'double' a 'GLfloat'; posible pérdida de datos
C:\Users\Alvaro\source\repos\Ajedrez.Inc\src\Pablo.cpp(25,80): warning C4305: 'argumento': truncamiento de 'double' a 'GLfloat'
C:\Users\Alvaro\source\repos\Ajedrez.Inc\src\Pablo.cpp(25,66): warning C4244: 'argumento': conversión de 'double' a 'GLfloat'; posible pérdida de datos
C:\Users\Alvaro\source\repos\Ajedrez.Inc\src\Pablo.cpp(25,45): warning C4244: 'argumento': conversión de 'double' a 'GLfloat'; posible pérdida de datos
C:\Users\Alvaro\source\repos\Ajedrez.Inc\src\Pablo.cpp(26,80): warning C4305: 'argumento': truncamiento de 'double' a 'GLfloat'
C:\Users\Alvaro\source\repos\Ajedrez.Inc\src\Pablo.cpp(26,66): warning C4244: 'argumento': conversión de 'double' a 'GLfloat'; posible pérdida de datos
C:\Users\Alvaro\source\repos\Ajedrez.Inc\src\Pablo.cpp(26,45): warning C4244: 'argumento': conversión de 'double' a 'GLfloat'; posible pérdida de datos
C:\Users\Alvaro\source\repos\Ajedrez.Inc\src\Pablo.cpp(40,80): warning C4305: 'argumento': truncamiento de 'double' a 'GLfloat'
C:\Users\Alvaro\source\repos\Ajedrez.Inc\src\Pablo.cpp(40,66): warning C4244: 'argumento': conversión de 'double' a 'GLfloat'; posible pérdida de datos
C:\Users\Alvaro\source\repos\Ajedrez.Inc\src\Pablo.cpp(40,45): warning C4244: 'argumento': conversión de 'double' a 'GLfloat'; posible pérdida de datos
C:\Users\Alvaro\source\repos\Ajedrez.Inc\src\Pablo.cpp(41,80): warning C4305: 'argumento': truncamiento de 'double' a 'GLfloat'
C:\Users\Alvaro\source\repos\Ajedrez.Inc\src\Pablo.cpp(41,66): warning C4244: 'argumento': conversión de 'double' a 'GLfloat'; posible pérdida de datos
C:\Users\Alvaro\source\repos\Ajedrez.Inc\src\Pablo.cpp(41,45): warning C4244: 'argumento': conversión de 'double' a 'GLfloat'; posible pérdida de datos
C:\Users\Alvaro\source\repos\Ajedrez.Inc\src\Pablo.cpp(42,80): warning C4305: 'argumento': truncamiento de 'double' a 'GLfloat'
C:\Users\Alvaro\source\repos\Ajedrez.Inc\src\Pablo.cpp(42,66): warning C4244: 'argumento': conversión de 'double' a 'GLfloat'; posible pérdida de datos
C:\Users\Alvaro\source\repos\Ajedrez.Inc\src\Pablo.cpp(42,45): warning C4244: 'argumento': conversión de 'double' a 'GLfloat'; posible pérdida de datos
C:\Users\Alvaro\source\repos\Ajedrez.Inc\src\Pablo.cpp(43,80): warning C4305: 'argumento': truncamiento de 'double' a 'GLfloat'
C:\Users\Alvaro\source\repos\Ajedrez.Inc\src\Pablo.cpp(43,66): warning C4244: 'argumento': conversión de 'double' a 'GLfloat'; posible pérdida de datos
C:\Users\Alvaro\source\repos\Ajedrez.Inc\src\Pablo.cpp(43,45): warning C4244: 'argumento': conversión de 'double' a 'GLfloat'; posible pérdida de datos
C:\Users\Alvaro\source\repos\Ajedrez.Inc\src\Pablo.cpp(110,13): warning C4305: 'return': truncamiento de 'int' a 'char'
C:\Users\Alvaro\source\repos\Ajedrez.Inc\src\Pablo.cpp(110,9): warning C4309: 'return': truncamiento de valor constante
  Peon.cpp
C:\Users\Alvaro\source\repos\Ajedrez.Inc\src\Peon.cpp(25,80): warning C4305: 'argumento': truncamiento de 'double' a 'GLfloat'
C:\Users\Alvaro\source\repos\Ajedrez.Inc\src\Peon.cpp(25,66): warning C4244: 'argumento': conversión de 'double' a 'GLfloat'; posible pérdida de datos
C:\Users\Alvaro\source\repos\Ajedrez.Inc\src\Peon.cpp(25,45): warning C4244: 'argumento': conversión de 'double' a 'GLfloat'; posible pérdida de datos
C:\Users\Alvaro\source\repos\Ajedrez.Inc\src\Peon.cpp(26,80): warning C4305: 'argumento': truncamiento de 'double' a 'GLfloat'
C:\Users\Alvaro\source\repos\Ajedrez.Inc\src\Peon.cpp(26,66): warning C4244: 'argumento': conversión de 'double' a 'GLfloat'; posible pérdida de datos
C:\Users\Alvaro\source\repos\Ajedrez.Inc\src\Peon.cpp(26,45): warning C4244: 'argumento': conversión de 'double' a 'GLfloat'; posible pérdida de datos
C:\Users\Alvaro\source\repos\Ajedrez.Inc\src\Peon.cpp(27,80): warning C4305: 'argumento': truncamiento de 'double' a 'GLfloat'
C:\Users\Alvaro\source\repos\Ajedrez.Inc\src\Peon.cpp(27,66): warning C4244: 'argumento': conversión de 'double' a 'GLfloat'; posible pérdida de datos
C:\Users\Alvaro\source\repos\Ajedrez.Inc\src\Peon.cpp(27,45): warning C4244: 'argumento': conversión de 'double' a 'GLfloat'; posible pérdida de datos
C:\Users\Alvaro\source\repos\Ajedrez.Inc\src\Peon.cpp(28,80): warning C4305: 'argumento': truncamiento de 'double' a 'GLfloat'
C:\Users\Alvaro\source\repos\Ajedrez.Inc\src\Peon.cpp(28,66): warning C4244: 'argumento': conversión de 'double' a 'GLfloat'; posible pérdida de datos
C:\Users\Alvaro\source\repos\Ajedrez.Inc\src\Peon.cpp(28,45): warning C4244: 'argumento': conversión de 'double' a 'GLfloat'; posible pérdida de datos
C:\Users\Alvaro\source\repos\Ajedrez.Inc\src\Peon.cpp(42,80): warning C4305: 'argumento': truncamiento de 'double' a 'GLfloat'
C:\Users\Alvaro\source\repos\Ajedrez.Inc\src\Peon.cpp(42,66): warning C4244: 'argumento': conversión de 'double' a 'GLfloat'; posible pérdida de datos
C:\Users\Alvaro\source\repos\Ajedrez.Inc\src\Peon.cpp(42,45): warning C4244: 'argumento': conversión de 'double' a 'GLfloat'; posible pérdida de datos
C:\Users\Alvaro\source\repos\Ajedrez.Inc\src\Peon.cpp(43,80): warning C4305: 'argumento': truncamiento de 'double' a 'GLfloat'
C:\Users\Alvaro\source\repos\Ajedrez.Inc\src\Peon.cpp(43,66): warning C4244: 'argumento': conversión de 'double' a 'GLfloat'; posible pérdida de datos
C:\Users\Alvaro\source\repos\Ajedrez.Inc\src\Peon.cpp(43,45): warning C4244: 'argumento': conversión de 'double' a 'GLfloat'; posible pérdida de datos
C:\Users\Alvaro\source\repos\Ajedrez.Inc\src\Peon.cpp(44,80): warning C4305: 'argumento': truncamiento de 'double' a 'GLfloat'
C:\Users\Alvaro\source\repos\Ajedrez.Inc\src\Peon.cpp(44,66): warning C4244: 'argumento': conversión de 'double' a 'GLfloat'; posible pérdida de datos
C:\Users\Alvaro\source\repos\Ajedrez.Inc\src\Peon.cpp(44,45): warning C4244: 'argumento': conversión de 'double' a 'GLfloat'; posible pérdida de datos
C:\Users\Alvaro\source\repos\Ajedrez.Inc\src\Peon.cpp(45,80): warning C4305: 'argumento': truncamiento de 'double' a 'GLfloat'
C:\Users\Alvaro\source\repos\Ajedrez.Inc\src\Peon.cpp(45,66): warning C4244: 'argumento': conversión de 'double' a 'GLfloat'; posible pérdida de datos
C:\Users\Alvaro\source\repos\Ajedrez.Inc\src\Peon.cpp(45,45): warning C4244: 'argumento': conversión de 'double' a 'GLfloat'; posible pérdida de datos
  Piezas.cpp
C:\Users\Alvaro\source\repos\Ajedrez.Inc\src\Piezas.cpp(22,15): warning C4244: '=': conversión de 'float' a 'int'; posible pérdida de datos
C:\Users\Alvaro\source\repos\Ajedrez.Inc\src\Piezas.cpp(23,15): warning C4244: '=': conversión de 'float' a 'int'; posible pérdida de datos
  PiezaVacia.cpp
  Reina.cpp
C:\Users\Alvaro\source\repos\Ajedrez.Inc\src\Reina.cpp(23,80): warning C4305: 'argumento': truncamiento de 'double' a 'GLfloat'
C:\Users\Alvaro\source\repos\Ajedrez.Inc\src\Reina.cpp(23,66): warning C4244: 'argumento': conversión de 'double' a 'GLfloat'; posible pérdida de datos
C:\Users\Alvaro\source\repos\Ajedrez.Inc\src\Reina.cpp(23,45): warning C4244: 'argumento': conversión de 'double' a 'GLfloat'; posible pérdida de datos
C:\Users\Alvaro\source\repos\Ajedrez.Inc\src\Reina.cpp(24,80): warning C4305: 'argumento': truncamiento de 'double' a 'GLfloat'
C:\Users\Alvaro\source\repos\Ajedrez.Inc\src\Reina.cpp(24,66): warning C4244: 'argumento': conversión de 'double' a 'GLfloat'; posible pérdida de datos
C:\Users\Alvaro\source\repos\Ajedrez.Inc\src\Reina.cpp(24,45): warning C4244: 'argumento': conversión de 'double' a 'GLfloat'; posible pérdida de datos
C:\Users\Alvaro\source\repos\Ajedrez.Inc\src\Reina.cpp(25,80): warning C4305: 'argumento': truncamiento de 'double' a 'GLfloat'
C:\Users\Alvaro\source\repos\Ajedrez.Inc\src\Reina.cpp(25,66): warning C4244: 'argumento': conversión de 'double' a 'GLfloat'; posible pérdida de datos
C:\Users\Alvaro\source\repos\Ajedrez.Inc\src\Reina.cpp(25,45): warning C4244: 'argumento': conversión de 'double' a 'GLfloat'; posible pérdida de datos
C:\Users\Alvaro\source\repos\Ajedrez.Inc\src\Reina.cpp(26,80): warning C4305: 'argumento': truncamiento de 'double' a 'GLfloat'
C:\Users\Alvaro\source\repos\Ajedrez.Inc\src\Reina.cpp(26,66): warning C4244: 'argumento': conversión de 'double' a 'GLfloat'; posible pérdida de datos
C:\Users\Alvaro\source\repos\Ajedrez.Inc\src\Reina.cpp(26,45): warning C4244: 'argumento': conversión de 'double' a 'GLfloat'; posible pérdida de datos
C:\Users\Alvaro\source\repos\Ajedrez.Inc\src\Reina.cpp(40,80): warning C4305: 'argumento': truncamiento de 'double' a 'GLfloat'
C:\Users\Alvaro\source\repos\Ajedrez.Inc\src\Reina.cpp(40,66): warning C4244: 'argumento': conversión de 'double' a 'GLfloat'; posible pérdida de datos
C:\Users\Alvaro\source\repos\Ajedrez.Inc\src\Reina.cpp(40,45): warning C4244: 'argumento': conversión de 'double' a 'GLfloat'; posible pérdida de datos
C:\Users\Alvaro\source\repos\Ajedrez.Inc\src\Reina.cpp(41,80): warning C4305: 'argumento': truncamiento de 'double' a 'GLfloat'
C:\Users\Alvaro\source\repos\Ajedrez.Inc\src\Reina.cpp(41,66): warning C4244: 'argumento': conversión de 'double' a 'GLfloat'; posible pérdida de datos
C:\Users\Alvaro\source\repos\Ajedrez.Inc\src\Reina.cpp(41,45): warning C4244: 'argumento': conversión de 'double' a 'GLfloat'; posible pérdida de datos
C:\Users\Alvaro\source\repos\Ajedrez.Inc\src\Reina.cpp(42,80): warning C4305: 'argumento': truncamiento de 'double' a 'GLfloat'
C:\Users\Alvaro\source\repos\Ajedrez.Inc\src\Reina.cpp(42,66): warning C4244: 'argumento': conversión de 'double' a 'GLfloat'; posible pérdida de datos
C:\Users\Alvaro\source\repos\Ajedrez.Inc\src\Reina.cpp(42,45): warning C4244: 'argumento': conversión de 'double' a 'GLfloat'; posible pérdida de datos
C:\Users\Alvaro\source\repos\Ajedrez.Inc\src\Reina.cpp(43,80): warning C4305: 'argumento': truncamiento de 'double' a 'GLfloat'
C:\Users\Alvaro\source\repos\Ajedrez.Inc\src\Reina.cpp(43,66): warning C4244: 'argumento': conversión de 'double' a 'GLfloat'; posible pérdida de datos
C:\Users\Alvaro\source\repos\Ajedrez.Inc\src\Reina.cpp(43,45): warning C4244: 'argumento': conversión de 'double' a 'GLfloat'; posible pérdida de datos
  Rey.cpp
C:\Users\Alvaro\source\repos\Ajedrez.Inc\src\Rey.cpp(23,80): warning C4305: 'argumento': truncamiento de 'double' a 'GLfloat'
C:\Users\Alvaro\source\repos\Ajedrez.Inc\src\Rey.cpp(23,66): warning C4244: 'argumento': conversión de 'double' a 'GLfloat'; posible pérdida de datos
C:\Users\Alvaro\source\repos\Ajedrez.Inc\src\Rey.cpp(23,45): warning C4244: 'argumento': conversión de 'double' a 'GLfloat'; posible pérdida de datos
C:\Users\Alvaro\source\repos\Ajedrez.Inc\src\Rey.cpp(24,80): warning C4305: 'argumento': truncamiento de 'double' a 'GLfloat'
C:\Users\Alvaro\source\repos\Ajedrez.Inc\src\Rey.cpp(24,66): warning C4244: 'argumento': conversión de 'double' a 'GLfloat'; posible pérdida de datos
C:\Users\Alvaro\source\repos\Ajedrez.Inc\src\Rey.cpp(24,45): warning C4244: 'argumento': conversión de 'double' a 'GLfloat'; posible pérdida de datos
C:\Users\Alvaro\source\repos\Ajedrez.Inc\src\Rey.cpp(25,80): warning C4305: 'argumento': truncamiento de 'double' a 'GLfloat'
C:\Users\Alvaro\source\repos\Ajedrez.Inc\src\Rey.cpp(25,66): warning C4244: 'argumento': conversión de 'double' a 'GLfloat'; posible pérdida de datos
C:\Users\Alvaro\source\repos\Ajedrez.Inc\src\Rey.cpp(25,45): warning C4244: 'argumento': conversión de 'double' a 'GLfloat'; posible pérdida de datos
C:\Users\Alvaro\source\repos\Ajedrez.Inc\src\Rey.cpp(26,80): warning C4305: 'argumento': truncamiento de 'double' a 'GLfloat'
C:\Users\Alvaro\source\repos\Ajedrez.Inc\src\Rey.cpp(26,66): warning C4244: 'argumento': conversión de 'double' a 'GLfloat'; posible pérdida de datos
C:\Users\Alvaro\source\repos\Ajedrez.Inc\src\Rey.cpp(26,45): warning C4244: 'argumento': conversión de 'double' a 'GLfloat'; posible pérdida de datos
C:\Users\Alvaro\source\repos\Ajedrez.Inc\src\Rey.cpp(40,80): warning C4305: 'argumento': truncamiento de 'double' a 'GLfloat'
C:\Users\Alvaro\source\repos\Ajedrez.Inc\src\Rey.cpp(40,66): warning C4244: 'argumento': conversión de 'double' a 'GLfloat'; posible pérdida de datos
C:\Users\Alvaro\source\repos\Ajedrez.Inc\src\Rey.cpp(40,45): warning C4244: 'argumento': conversión de 'double' a 'GLfloat'; posible pérdida de datos
C:\Users\Alvaro\source\repos\Ajedrez.Inc\src\Rey.cpp(41,80): warning C4305: 'argumento': truncamiento de 'double' a 'GLfloat'
C:\Users\Alvaro\source\repos\Ajedrez.Inc\src\Rey.cpp(41,66): warning C4244: 'argumento': conversión de 'double' a 'GLfloat'; posible pérdida de datos
C:\Users\Alvaro\source\repos\Ajedrez.Inc\src\Rey.cpp(41,45): warning C4244: 'argumento': conversión de 'double' a 'GLfloat'; posible pérdida de datos
C:\Users\Alvaro\source\repos\Ajedrez.Inc\src\Rey.cpp(42,80): warning C4305: 'argumento': truncamiento de 'double' a 'GLfloat'
C:\Users\Alvaro\source\repos\Ajedrez.Inc\src\Rey.cpp(42,66): warning C4244: 'argumento': conversión de 'double' a 'GLfloat'; posible pérdida de datos
C:\Users\Alvaro\source\repos\Ajedrez.Inc\src\Rey.cpp(42,45): warning C4244: 'argumento': conversión de 'double' a 'GLfloat'; posible pérdida de datos
C:\Users\Alvaro\source\repos\Ajedrez.Inc\src\Rey.cpp(43,80): warning C4305: 'argumento': truncamiento de 'double' a 'GLfloat'
C:\Users\Alvaro\source\repos\Ajedrez.Inc\src\Rey.cpp(43,66): warning C4244: 'argumento': conversión de 'double' a 'GLfloat'; posible pérdida de datos
C:\Users\Alvaro\source\repos\Ajedrez.Inc\src\Rey.cpp(43,45): warning C4244: 'argumento': conversión de 'double' a 'GLfloat'; posible pérdida de datos
  Tablero.cpp
C:\Users\Alvaro\source\repos\Ajedrez.Inc\src\Tablero.cpp(239,12): warning C4244: 'argumento': conversión de 'time_t' a 'unsigned int'; posible pérdida de datos
C:\Users\Alvaro\source\repos\Ajedrez.Inc\src\Tablero.cpp(463,38): warning C4244: 'argumento': conversión de 'int' a 'float'; posible pérdida de datos
C:\Users\Alvaro\source\repos\Ajedrez.Inc\src\Tablero.cpp(463,31): warning C4244: 'argumento': conversión de 'int' a 'float'; posible pérdida de datos
  Torre.cpp
C:\Users\Alvaro\source\repos\Ajedrez.Inc\src\Torre.cpp(24,80): warning C4305: 'argumento': truncamiento de 'double' a 'GLfloat'
C:\Users\Alvaro\source\repos\Ajedrez.Inc\src\Torre.cpp(24,66): warning C4244: 'argumento': conversión de 'double' a 'GLfloat'; posible pérdida de datos
C:\Users\Alvaro\source\repos\Ajedrez.Inc\src\Torre.cpp(24,45): warning C4244: 'argumento': conversión de 'double' a 'GLfloat'; posible pérdida de datos
C:\Users\Alvaro\source\repos\Ajedrez.Inc\src\Torre.cpp(25,80): warning C4305: 'argumento': truncamiento de 'double' a 'GLfloat'
C:\Users\Alvaro\source\repos\Ajedrez.Inc\src\Torre.cpp(25,66): warning C4244: 'argumento': conversión de 'double' a 'GLfloat'; posible pérdida de datos
C:\Users\Alvaro\source\repos\Ajedrez.Inc\src\Torre.cpp(25,45): warning C4244: 'argumento': conversión de 'double' a 'GLfloat'; posible pérdida de datos
C:\Users\Alvaro\source\repos\Ajedrez.Inc\src\Torre.cpp(26,80): warning C4305: 'argumento': truncamiento de 'double' a 'GLfloat'
C:\Users\Alvaro\source\repos\Ajedrez.Inc\src\Torre.cpp(26,66): warning C4244: 'argumento': conversión de 'double' a 'GLfloat'; posible pérdida de datos
C:\Users\Alvaro\source\repos\Ajedrez.Inc\src\Torre.cpp(26,45): warning C4244: 'argumento': conversión de 'double' a 'GLfloat'; posible pérdida de datos
C:\Users\Alvaro\source\repos\Ajedrez.Inc\src\Torre.cpp(27,80): warning C4305: 'argumento': truncamiento de 'double' a 'GLfloat'
C:\Users\Alvaro\source\repos\Ajedrez.Inc\src\Torre.cpp(27,66): warning C4244: 'argumento': conversión de 'double' a 'GLfloat'; posible pérdida de datos
C:\Users\Alvaro\source\repos\Ajedrez.Inc\src\Torre.cpp(27,45): warning C4244: 'argumento': conversión de 'double' a 'GLfloat'; posible pérdida de datos
C:\Users\Alvaro\source\repos\Ajedrez.Inc\src\Torre.cpp(41,80): warning C4305: 'argumento': truncamiento de 'double' a 'GLfloat'
C:\Users\Alvaro\source\repos\Ajedrez.Inc\src\Torre.cpp(41,66): warning C4244: 'argumento': conversión de 'double' a 'GLfloat'; posible pérdida de datos
C:\Users\Alvaro\source\repos\Ajedrez.Inc\src\Torre.cpp(41,45): warning C4244: 'argumento': conversión de 'double' a 'GLfloat'; posible pérdida de datos
C:\Users\Alvaro\source\repos\Ajedrez.Inc\src\Torre.cpp(42,80): warning C4305: 'argumento': truncamiento de 'double' a 'GLfloat'
C:\Users\Alvaro\source\repos\Ajedrez.Inc\src\Torre.cpp(42,66): warning C4244: 'argumento': conversión de 'double' a 'GLfloat'; posible pérdida de datos
C:\Users\Alvaro\source\repos\Ajedrez.Inc\src\Torre.cpp(42,45): warning C4244: 'argumento': conversión de 'double' a 'GLfloat'; posible pérdida de datos
C:\Users\Alvaro\source\repos\Ajedrez.Inc\src\Torre.cpp(43,80): warning C4305: 'argumento': truncamiento de 'double' a 'GLfloat'
C:\Users\Alvaro\source\repos\Ajedrez.Inc\src\Torre.cpp(43,66): warning C4244: 'argumento': conversión de 'double' a 'GLfloat'; posible pérdida de datos
C:\Users\Alvaro\source\repos\Ajedrez.Inc\src\Torre.cpp(43,45): warning C4244: 'argumento': conversión de 'double' a 'GLfloat'; posible pérdida de datos
C:\Users\Alvaro\source\repos\Ajedrez.Inc\src\Torre.cpp(44,80): warning C4305: 'argumento': truncamiento de 'double' a 'GLfloat'
C:\Users\Alvaro\source\repos\Ajedrez.Inc\src\Torre.cpp(44,66): warning C4244: 'argumento': conversión de 'double' a 'GLfloat'; posible pérdida de datos
C:\Users\Alvaro\source\repos\Ajedrez.Inc\src\Torre.cpp(44,45): warning C4244: 'argumento': conversión de 'double' a 'GLfloat'; posible pérdida de datos
  Generando código
  Previous IPDB not found, fall back to full compilation.
C:\Users\Alvaro\source\repos\Ajedrez.Inc\src\Peon.cpp(128): warning C4715: 'Peon::movValido': no todas las rutas de acceso de control devuelven un valor
C:\Users\Alvaro\source\repos\Ajedrez.Inc\src\Pablo.cpp(106): warning C4715: 'Pablo::movValido': no todas las rutas de acceso de control devuelven un valor
C:\Users\Alvaro\source\repos\Ajedrez.Inc\src\Caballo.cpp(85): warning C4715: 'Caballo::movValido': no todas las rutas de acceso de control devuelven un valor
  All 151 functions were compiled because no usable IPDB/IOBJ from previous compilation was found.
  Generación de código finalizada
  Pang.vcxproj -> C:\Users\Alvaro\source\repos\Ajedrez.Inc\bin\Ajedrez.exe
