c:\users\alvaro\desktop\ajedrez.inc\ajedrez.inc\tmp\debug\vc143.pdb
c:\users\alvaro\desktop\ajedrez.inc\ajedrez.inc\tmp\debug\vc143.idb
c:\users\alvaro\desktop\ajedrez.inc\ajedrez.inc\tmp\debug\torre.obj
c:\users\alvaro\desktop\ajedrez.inc\ajedrez.inc\tmp\debug\tablero.obj
c:\users\alvaro\desktop\ajedrez.inc\ajedrez.inc\tmp\debug\rey.obj
c:\users\alvaro\desktop\ajedrez.inc\ajedrez.inc\tmp\debug\reina.obj
c:\users\alvaro\desktop\ajedrez.inc\ajedrez.inc\tmp\debug\piezavacia.obj
c:\users\alvaro\desktop\ajedrez.inc\ajedrez.inc\tmp\debug\piezas.obj
c:\users\alvaro\desktop\ajedrez.inc\ajedrez.inc\tmp\debug\peon.obj
c:\users\alvaro\desktop\ajedrez.inc\ajedrez.inc\tmp\debug\ajedrez.obj
c:\users\alvaro\desktop\ajedrez.inc\ajedrez.inc\tmp\debug\mundo.obj
c:\users\alvaro\desktop\ajedrez.inc\ajedrez.inc\tmp\debug\casilla.obj
c:\users\alvaro\desktop\ajedrez.inc\ajedrez.inc\tmp\debug\alfil.obj
c:\users\alvaro\desktop\ajedrez.inc\ajedrez.inc\tmp\debug\pablo.obj
c:\users\alvaro\desktop\ajedrez.inc\ajedrez.inc\tmp\debug\miguel.obj
c:\users\alvaro\desktop\ajedrez.inc\ajedrez.inc\tmp\debug\cristobal.obj
c:\users\alvaro\desktop\ajedrez.inc\ajedrez.inc\tmp\debug\caballo.obj
c:\users\alvaro\source\repos\ajedrez.inc\tmp\debug\vc143.pdb
c:\users\alvaro\source\repos\ajedrez.inc\tmp\debug\vc143.idb
c:\users\alvaro\source\repos\ajedrez.inc\tmp\debug\tablero.obj
c:\users\alvaro\source\repos\ajedrez.inc\tmp\debug\mundo.obj
c:\users\alvaro\source\repos\ajedrez.inc\tmp\debug\ajedrez.obj
c:\users\alvaro\source\repos\ajedrez.inc\tmp\debug\casilla.obj
c:\users\alvaro\source\repos\ajedrez.inc\tmp\debug\torre.obj
c:\users\alvaro\source\repos\ajedrez.inc\tmp\debug\rey.obj
c:\users\alvaro\source\repos\ajedrez.inc\tmp\debug\reina.obj
c:\users\alvaro\source\repos\ajedrez.inc\tmp\debug\piezas.obj
c:\users\alvaro\source\repos\ajedrez.inc\tmp\debug\piezavacia.obj
c:\users\alvaro\source\repos\ajedrez.inc\tmp\debug\peon.obj
c:\users\alvaro\source\repos\ajedrez.inc\tmp\debug\pablo.obj
c:\users\alvaro\source\repos\ajedrez.inc\tmp\debug\miguel.obj
c:\users\alvaro\source\repos\ajedrez.inc\tmp\debug\cristobal.obj
c:\users\alvaro\source\repos\ajedrez.inc\tmp\debug\caballo.obj
c:\users\alvaro\source\repos\ajedrez.inc\tmp\debug\alfil.obj
c:\users\alvaro\desktop\ajedrez.inc\ajedrez.inc\bin\ajedrez.exe
c:\users\alvaro\desktop\ajedrez.inc\ajedrez.inc\tmp\debug\ajedrez.ilk
c:\users\alvaro\desktop\ajedrez.inc\ajedrez.inc\bin\ajedrez.pdb
c:\users\alvaro\source\repos\ajedrez.inc\bin\ajedrez.exe
c:\users\alvaro\source\repos\ajedrez.inc\tmp\debug\ajedrez.ilk
c:\users\alvaro\source\repos\ajedrez.inc\bin\ajedrez.pdb
c:\users\alvaro\source\repos\ajedrez.inc\tmp\debug\bonus.obj
c:\users\alvaro\source\repos\ajedrez.inc\tmp\debug\caja.obj
c:\users\alvaro\source\repos\ajedrez.inc\tmp\debug\disparo.obj
c:\users\alvaro\source\repos\ajedrez.inc\tmp\debug\esfera.obj
c:\users\alvaro\source\repos\ajedrez.inc\tmp\debug\hombre.obj
c:\users\alvaro\source\repos\ajedrez.inc\tmp\debug\interaccion.obj
c:\users\alvaro\source\repos\ajedrez.inc\tmp\debug\listapiezas.obj
c:\users\alvaro\source\repos\ajedrez.inc\tmp\debug\pang.obj
c:\users\alvaro\source\repos\ajedrez.inc\tmp\debug\pared.obj
c:\users\alvaro\source\repos\ajedrez.inc\tmp\debug\vector2d.obj
c:\users\alvaro\source\repos\ajedrez.inc\tmp\debug\pang.ilk
c:\users\alvaro\source\repos\ajedrez.inc\tmp\debug\vc142.idb
c:\users\alvaro\source\repos\ajedrez.inc\tmp\debug\vc142.pdb
c:\users\alvaro\source\repos\ajedrez.inc\tmp\debug\ajedrez.tlog\cl.command.1.tlog
c:\users\alvaro\source\repos\ajedrez.inc\tmp\debug\ajedrez.tlog\cl.read.1.tlog
c:\users\alvaro\source\repos\ajedrez.inc\tmp\debug\ajedrez.tlog\cl.write.1.tlog
c:\users\alvaro\source\repos\ajedrez.inc\tmp\debug\ajedrez.tlog\link.command.1.tlog
c:\users\alvaro\source\repos\ajedrez.inc\tmp\debug\ajedrez.tlog\link.read.1.tlog
c:\users\alvaro\source\repos\ajedrez.inc\tmp\debug\ajedrez.tlog\link.write.1.tlog
