C:\Program Files\Microsoft Visual Studio\2022\Community\MSBuild\Microsoft\VC\v170\Microsoft.CppBuild.targets(510,5): warning MSB8028: El directorio intermedio (tmp\Debug\) contiene archivos compartidos de otro proyecto (Pang.vcxproj). Esto puede dar lugar a un comportamiento incorrecto de limpieza y recompilación.
  Peon.cpp
C:\Users\Alvaro\source\repos\Ajedrez.Inc\src\Peon.cpp(32,80): warning C4305: 'argumento': truncamiento de 'double' a 'GLfloat'
C:\Users\Alvaro\source\repos\Ajedrez.Inc\src\Peon.cpp(32,66): warning C4244: 'argumento': conversión de 'double' a 'GLfloat'; posible pérdida de datos
C:\Users\Alvaro\source\repos\Ajedrez.Inc\src\Peon.cpp(32,45): warning C4244: 'argumento': conversión de 'double' a 'GLfloat'; posible pérdida de datos
C:\Users\Alvaro\source\repos\Ajedrez.Inc\src\Peon.cpp(33,80): warning C4305: 'argumento': truncamiento de 'double' a 'GLfloat'
C:\Users\Alvaro\source\repos\Ajedrez.Inc\src\Peon.cpp(33,66): warning C4244: 'argumento': conversión de 'double' a 'GLfloat'; posible pérdida de datos
C:\Users\Alvaro\source\repos\Ajedrez.Inc\src\Peon.cpp(33,45): warning C4244: 'argumento': conversión de 'double' a 'GLfloat'; posible pérdida de datos
C:\Users\Alvaro\source\repos\Ajedrez.Inc\src\Peon.cpp(34,80): warning C4305: 'argumento': truncamiento de 'double' a 'GLfloat'
C:\Users\Alvaro\source\repos\Ajedrez.Inc\src\Peon.cpp(34,66): warning C4244: 'argumento': conversión de 'double' a 'GLfloat'; posible pérdida de datos
C:\Users\Alvaro\source\repos\Ajedrez.Inc\src\Peon.cpp(34,45): warning C4244: 'argumento': conversión de 'double' a 'GLfloat'; posible pérdida de datos
C:\Users\Alvaro\source\repos\Ajedrez.Inc\src\Peon.cpp(35,80): warning C4305: 'argumento': truncamiento de 'double' a 'GLfloat'
C:\Users\Alvaro\source\repos\Ajedrez.Inc\src\Peon.cpp(35,66): warning C4244: 'argumento': conversión de 'double' a 'GLfloat'; posible pérdida de datos
C:\Users\Alvaro\source\repos\Ajedrez.Inc\src\Peon.cpp(35,45): warning C4244: 'argumento': conversión de 'double' a 'GLfloat'; posible pérdida de datos
C:\Users\Alvaro\source\repos\Ajedrez.Inc\src\Peon.cpp(49,80): warning C4305: 'argumento': truncamiento de 'double' a 'GLfloat'
C:\Users\Alvaro\source\repos\Ajedrez.Inc\src\Peon.cpp(49,66): warning C4244: 'argumento': conversión de 'double' a 'GLfloat'; posible pérdida de datos
C:\Users\Alvaro\source\repos\Ajedrez.Inc\src\Peon.cpp(49,45): warning C4244: 'argumento': conversión de 'double' a 'GLfloat'; posible pérdida de datos
C:\Users\Alvaro\source\repos\Ajedrez.Inc\src\Peon.cpp(50,80): warning C4305: 'argumento': truncamiento de 'double' a 'GLfloat'
C:\Users\Alvaro\source\repos\Ajedrez.Inc\src\Peon.cpp(50,66): warning C4244: 'argumento': conversión de 'double' a 'GLfloat'; posible pérdida de datos
C:\Users\Alvaro\source\repos\Ajedrez.Inc\src\Peon.cpp(50,45): warning C4244: 'argumento': conversión de 'double' a 'GLfloat'; posible pérdida de datos
C:\Users\Alvaro\source\repos\Ajedrez.Inc\src\Peon.cpp(51,80): warning C4305: 'argumento': truncamiento de 'double' a 'GLfloat'
C:\Users\Alvaro\source\repos\Ajedrez.Inc\src\Peon.cpp(51,66): warning C4244: 'argumento': conversión de 'double' a 'GLfloat'; posible pérdida de datos
C:\Users\Alvaro\source\repos\Ajedrez.Inc\src\Peon.cpp(51,45): warning C4244: 'argumento': conversión de 'double' a 'GLfloat'; posible pérdida de datos
C:\Users\Alvaro\source\repos\Ajedrez.Inc\src\Peon.cpp(52,80): warning C4305: 'argumento': truncamiento de 'double' a 'GLfloat'
C:\Users\Alvaro\source\repos\Ajedrez.Inc\src\Peon.cpp(52,66): warning C4244: 'argumento': conversión de 'double' a 'GLfloat'; posible pérdida de datos
C:\Users\Alvaro\source\repos\Ajedrez.Inc\src\Peon.cpp(52,45): warning C4244: 'argumento': conversión de 'double' a 'GLfloat'; posible pérdida de datos
C:\Users\Alvaro\source\repos\Ajedrez.Inc\src\Peon.cpp(105): warning C4715: 'Peon::movValido': no todas las rutas de acceso de control devuelven un valor
  Pang.vcxproj -> C:\Users\Alvaro\source\repos\Ajedrez.Inc\bin\Ajedrez.exe
